[    6210ms] [LOG] onstatechange @ https://learn.deepolylink.com/assets/index-C3DW5Yex.js:29
[    6334ms] [WARNING] wasm streaming compile failed: TypeError: Failed to execute 'compile' on 'WebAssembly': Incorrect response MIME type. Expected 'application/wasm'. @ https://learn.deepolylink.com/js_source/loadMode1.js:486
[    6335ms] [WARNING] falling back to ArrayBuffer instantiation @ https://learn.deepolylink.com/js_source/loadMode1.js:487
[    6355ms] [WARNING] wasm streaming compile failed: TypeError: Failed to execute 'compile' on 'WebAssembly': Incorrect response MIME type. Expected 'application/wasm'. @ https://learn.deepolylink.com/js_source/loadMode2.js:486
[    6355ms] [WARNING] falling back to ArrayBuffer instantiation @ https://learn.deepolylink.com/js_source/loadMode2.js:487
[    6369ms] [LOG] loaddata @ https://learn.deepolylink.com/assets/index-C3DW5Yex.js:30
[    6417ms] [WARNING] The ScriptProcessorNode is deprecated. Use AudioWorkletNode instead. (https://bit.ly/audio-worklet) @ https://learn.deepolylink.com/assets/index-C3DW5Yex.js:29
[    6817ms] NetworkError: Failed to execute 'importScripts' on 'WorkerGlobalScope': The script at 'https://sre//speech-worker.js' failed to load.
    at blob:https://learn.deepolylink.com/42c0dc31-ba01-45d9-bc75-d4780adabcf6:3:7
[    8581ms] [LOG] socketVoice open @ https://learn.deepolylink.com/assets/index-C3DW5Yex.js:112
[   14234ms] [LOG] send heartbeat @ https://learn.deepolylink.com/assets/index-C3DW5Yex.js:112
[   19234ms] [LOG] send heartbeat @ https://learn.deepolylink.com/assets/index-C3DW5Yex.js:112
[   24234ms] [LOG] send heartbeat @ https://learn.deepolylink.com/assets/index-C3DW5Yex.js:112
[   29234ms] [LOG] send heartbeat @ https://learn.deepolylink.com/assets/index-C3DW5Yex.js:112
[   34234ms] [LOG] send heartbeat @ https://learn.deepolylink.com/assets/index-C3DW5Yex.js:112
[   39234ms] [LOG] send heartbeat @ https://learn.deepolylink.com/assets/index-C3DW5Yex.js:112
[   44234ms] [LOG] send heartbeat @ https://learn.deepolylink.com/assets/index-C3DW5Yex.js:112
[   49235ms] [LOG] send heartbeat @ https://learn.deepolylink.com/assets/index-C3DW5Yex.js:112
[   54236ms] [LOG] send heartbeat @ https://learn.deepolylink.com/assets/index-C3DW5Yex.js:112
[   59235ms] [LOG] send heartbeat @ https://learn.deepolylink.com/assets/index-C3DW5Yex.js:112
[   64234ms] [LOG] send heartbeat @ https://learn.deepolylink.com/assets/index-C3DW5Yex.js:112
[   69234ms] [LOG] send heartbeat @ https://learn.deepolylink.com/assets/index-C3DW5Yex.js:112
[   74234ms] [LOG] send heartbeat @ https://learn.deepolylink.com/assets/index-C3DW5Yex.js:112
[   79237ms] [LOG] send heartbeat @ https://learn.deepolylink.com/assets/index-C3DW5Yex.js:112
[   84240ms] [LOG] send heartbeat @ https://learn.deepolylink.com/assets/index-C3DW5Yex.js:112
[   89234ms] [LOG] send heartbeat @ https://learn.deepolylink.com/assets/index-C3DW5Yex.js:112
[   94234ms] [LOG] send heartbeat @ https://learn.deepolylink.com/assets/index-C3DW5Yex.js:112
[   99235ms] [LOG] send heartbeat @ https://learn.deepolylink.com/assets/index-C3DW5Yex.js:112
[  104235ms] [LOG] send heartbeat @ https://learn.deepolylink.com/assets/index-C3DW5Yex.js:112
[  109235ms] [LOG] send heartbeat @ https://learn.deepolylink.com/assets/index-C3DW5Yex.js:112
[  114234ms] [LOG] send heartbeat @ https://learn.deepolylink.com/assets/index-C3DW5Yex.js:112
[  119241ms] [LOG] send heartbeat @ https://learn.deepolylink.com/assets/index-C3DW5Yex.js:112
[  124240ms] [LOG] send heartbeat @ https://learn.deepolylink.com/assets/index-C3DW5Yex.js:112
[  129234ms] [LOG] send heartbeat @ https://learn.deepolylink.com/assets/index-C3DW5Yex.js:112
[  134239ms] [LOG] send heartbeat @ https://learn.deepolylink.com/assets/index-C3DW5Yex.js:112
[  139234ms] [LOG] send heartbeat @ https://learn.deepolylink.com/assets/index-C3DW5Yex.js:112
[  144234ms] [LOG] send heartbeat @ https://learn.deepolylink.com/assets/index-C3DW5Yex.js:112
[  149234ms] [LOG] send heartbeat @ https://learn.deepolylink.com/assets/index-C3DW5Yex.js:112
[  154234ms] [LOG] send heartbeat @ https://learn.deepolylink.com/assets/index-C3DW5Yex.js:112
[  159234ms] [LOG] send heartbeat @ https://learn.deepolylink.com/assets/index-C3DW5Yex.js:112
[  164234ms] [LOG] send heartbeat @ https://learn.deepolylink.com/assets/index-C3DW5Yex.js:112
[  169238ms] [LOG] send heartbeat @ https://learn.deepolylink.com/assets/index-C3DW5Yex.js:112
[  174234ms] [LOG] send heartbeat @ https://learn.deepolylink.com/assets/index-C3DW5Yex.js:112
[  179235ms] [LOG] send heartbeat @ https://learn.deepolylink.com/assets/index-C3DW5Yex.js:112
[  184234ms] [LOG] send heartbeat @ https://learn.deepolylink.com/assets/index-C3DW5Yex.js:112
[  189234ms] [LOG] send heartbeat @ https://learn.deepolylink.com/assets/index-C3DW5Yex.js:112
[  194234ms] [LOG] send heartbeat @ https://learn.deepolylink.com/assets/index-C3DW5Yex.js:112
[  199234ms] [LOG] send heartbeat @ https://learn.deepolylink.com/assets/index-C3DW5Yex.js:112
[  204238ms] [LOG] send heartbeat @ https://learn.deepolylink.com/assets/index-C3DW5Yex.js:112
[  209243ms] [LOG] send heartbeat @ https://learn.deepolylink.com/assets/index-C3DW5Yex.js:112
[  214233ms] [LOG] send heartbeat @ https://learn.deepolylink.com/assets/index-C3DW5Yex.js:112
[  219234ms] [LOG] send heartbeat @ https://learn.deepolylink.com/assets/index-C3DW5Yex.js:112
[  224234ms] [LOG] send heartbeat @ https://learn.deepolylink.com/assets/index-C3DW5Yex.js:112
[  229233ms] [LOG] send heartbeat @ https://learn.deepolylink.com/assets/index-C3DW5Yex.js:112
[  234234ms] [LOG] send heartbeat @ https://learn.deepolylink.com/assets/index-C3DW5Yex.js:112
[  239234ms] [LOG] send heartbeat @ https://learn.deepolylink.com/assets/index-C3DW5Yex.js:112
[  244233ms] [LOG] send heartbeat @ https://learn.deepolylink.com/assets/index-C3DW5Yex.js:112
[  249236ms] [LOG] send heartbeat @ https://learn.deepolylink.com/assets/index-C3DW5Yex.js:112
[  254244ms] [LOG] send heartbeat @ https://learn.deepolylink.com/assets/index-C3DW5Yex.js:112
[  259245ms] [LOG] send heartbeat @ https://learn.deepolylink.com/assets/index-C3DW5Yex.js:112
[  264233ms] [LOG] send heartbeat @ https://learn.deepolylink.com/assets/index-C3DW5Yex.js:112
[  269233ms] [LOG] send heartbeat @ https://learn.deepolylink.com/assets/index-C3DW5Yex.js:112
[  274233ms] [LOG] send heartbeat @ https://learn.deepolylink.com/assets/index-C3DW5Yex.js:112
[  279232ms] [LOG] send heartbeat @ https://learn.deepolylink.com/assets/index-C3DW5Yex.js:112
[  284233ms] [LOG] send heartbeat @ https://learn.deepolylink.com/assets/index-C3DW5Yex.js:112
[  289233ms] [LOG] send heartbeat @ https://learn.deepolylink.com/assets/index-C3DW5Yex.js:112
[  294233ms] [LOG] send heartbeat @ https://learn.deepolylink.com/assets/index-C3DW5Yex.js:112
[  299234ms] [LOG] send heartbeat @ https://learn.deepolylink.com/assets/index-C3DW5Yex.js:112
[  304234ms] [LOG] send heartbeat @ https://learn.deepolylink.com/assets/index-C3DW5Yex.js:112
[  309238ms] [LOG] send heartbeat @ https://learn.deepolylink.com/assets/index-C3DW5Yex.js:112
[  314233ms] [LOG] send heartbeat @ https://learn.deepolylink.com/assets/index-C3DW5Yex.js:112
[  319233ms] [LOG] send heartbeat @ https://learn.deepolylink.com/assets/index-C3DW5Yex.js:112
[  324232ms] [LOG] send heartbeat @ https://learn.deepolylink.com/assets/index-C3DW5Yex.js:112
[  329232ms] [LOG] send heartbeat @ https://learn.deepolylink.com/assets/index-C3DW5Yex.js:112
[  334232ms] [LOG] send heartbeat @ https://learn.deepolylink.com/assets/index-C3DW5Yex.js:112
[  339233ms] [LOG] send heartbeat @ https://learn.deepolylink.com/assets/index-C3DW5Yex.js:112
[  344233ms] [LOG] send heartbeat @ https://learn.deepolylink.com/assets/index-C3DW5Yex.js:112
[  349233ms] [LOG] send heartbeat @ https://learn.deepolylink.com/assets/index-C3DW5Yex.js:112
[  354232ms] [LOG] send heartbeat @ https://learn.deepolylink.com/assets/index-C3DW5Yex.js:112
[  359232ms] [LOG] send heartbeat @ https://learn.deepolylink.com/assets/index-C3DW5Yex.js:112
[  364232ms] [LOG] send heartbeat @ https://learn.deepolylink.com/assets/index-C3DW5Yex.js:112
[  369232ms] [LOG] send heartbeat @ https://learn.deepolylink.com/assets/index-C3DW5Yex.js:112
[  374233ms] [LOG] send heartbeat @ https://learn.deepolylink.com/assets/index-C3DW5Yex.js:112
[  379233ms] [LOG] send heartbeat @ https://learn.deepolylink.com/assets/index-C3DW5Yex.js:112
[  384233ms] [LOG] send heartbeat @ https://learn.deepolylink.com/assets/index-C3DW5Yex.js:112
[  389233ms] [LOG] send heartbeat @ https://learn.deepolylink.com/assets/index-C3DW5Yex.js:112
[  394233ms] [LOG] send heartbeat @ https://learn.deepolylink.com/assets/index-C3DW5Yex.js:112
